[14:13:25] [Server thread/INFO]: Stopping the server
[14:13:25] [Server thread/INFO]: Stopping server
[14:13:25] [Server thread/INFO]: [AntiCreeper] Disabling AntiCreeper v2.8
[14:13:25] [Server thread/INFO]: [AntiCreeper] Disabled!
[14:13:25] [Server thread/INFO]: [DeathNote] Disabling DeathNote v1.0.2
[14:13:25] [Server thread/INFO]: [DeathNote] Stopping database...
[14:13:25] [Server thread/INFO]: [DeathNote] Plugin stopped!
[14:13:25] [Server thread/INFO]: [SkinsRestorer] Disabling SkinsRestorer v15.0.3
[14:13:25] [Server thread/INFO]: Saving players
[14:13:25] [Server thread/INFO]: Saving worlds
[14:13:29] [Server thread/INFO]: Saving chunks for level 'ServerLevel[world]'/minecraft:overworld
[14:13:29] [Server thread/INFO]: Saving chunks for level 'ServerLevel[world_nether]'/minecraft:the_nether
[14:13:30] [Server thread/INFO]: Saving chunks for level 'ServerLevel[world_the_end]'/minecraft:the_end
[14:13:31] [Server thread/INFO]: ThreadedAnvilChunkStorage (world): All chunks are saved
[14:13:31] [Server thread/INFO]: ThreadedAnvilChunkStorage (DIM-1): All chunks are saved
[14:13:31] [Server thread/INFO]: ThreadedAnvilChunkStorage (DIM1): All chunks are saved
[14:13:31] [Server thread/INFO]: ThreadedAnvilChunkStorage: All dimensions are saved
[14:13:31] [Server thread/INFO]: Thread RCON Listener stopped
[14:13:31] [RCON Client /69.164.217.245 #9/INFO]: Thread RCON Client /69.164.217.245 shutting down
[14:13:31] [Server thread/INFO]: Thread RCON Client /69.164.217.245 stopped
